2026-01-19 12:15:15 - Backup started
2026-01-19 12:17:03 - Backup started
2026-01-19 12:17:03 - Backup created: MyProject_20260119_121703.zip
2026-01-19 12:17:09 - Uploaded to Google Drive
2026-01-19 12:17:09 - Applying retention policy
2026-01-19 12:17:09 - Old backups cleaned
2026-01-19 12:17:09 - Webhook notification sent
2026-01-19 12:17:09 - Backup completed successfully
2026-01-19 12:33:01 - Backup started
2026-01-19 12:33:01 - Backup created: MyProject_20260119_123301.zip
2026-01-19 12:33:07 - Uploaded daily backup to Google Drive
2026-01-19 12:33:07 - Applying retention policy
2026-01-19 12:33:07 - Old backups cleaned
2026-01-19 12:33:07 - Webhook notification sent
2026-01-19 12:33:07 - Backup completed successfully
2026-02-25 09:14:09 - Backup started
2026-02-25 09:14:09 - Backup created: MyProject_20260225_091409.zip
2026-02-25 09:14:14 - Uploaded daily backup to Google Drive
2026-02-25 09:14:14 - Applying retention policy
2026-02-25 09:14:14 - Old backups cleaned
2026-02-25 09:14:15 - Webhook notification sent
2026-02-25 09:14:15 - Backup completed successfully
2026-02-25 09:16:51 - Backup started
2026-02-25 09:16:51 - Backup created: MyProject_20260225_091651.zip
2026-02-25 09:16:54 - Uploaded daily backup to Google Drive
2026-02-25 09:16:54 - Applying retention policy
2026-02-25 09:16:54 - Old backups cleaned
2026-02-25 09:16:54 - Webhook notification sent
2026-02-25 09:16:54 - Backup completed successfully
2026-02-25 09:52:48 - Backup started
2026-02-25 09:52:48 - Backup created: MyProject_20260225_095248.zip
2026-02-25 09:52:51 - Uploaded daily backup to Google Drive
2026-02-25 09:52:51 - Applying retention policy
2026-02-25 09:52:51 - Old backups cleaned
2026-02-25 09:52:51 - Webhook notification sent
2026-02-25 09:52:51 - Backup completed successfully
2026-02-25 10:25:06 - Backup started
2026-02-25 10:25:06 - Backup created: MyProject_20260225_102506.zip
2026-02-25 10:25:09 - Uploaded daily backup to Google Drive
2026-02-25 10:25:09 - Applying retention policy
2026-02-25 10:25:09 - Old backups cleaned
2026-02-25 10:25:58 - Backup started
2026-02-25 10:25:58 - Backup created: MyProject_20260225_102558.zip
2026-02-25 10:26:01 - Uploaded daily backup to Google Drive
2026-02-25 10:26:01 - Applying retention policy
2026-02-25 10:26:01 - Old backups cleaned
2026-02-25 10:26:11 - Backup started
2026-02-25 10:26:11 - Backup created: MyProject_20260225_102611.zip
2026-02-25 10:26:14 - Uploaded daily backup to Google Drive
2026-02-25 10:26:14 - Applying retention policy
2026-02-25 10:26:14 - Old backups cleaned
2026-02-25 10:27:45 - Backup started
2026-02-25 10:27:45 - Backup created: MyProject_20260225_102745.zip
2026-02-25 10:27:48 - Uploaded daily backup to Google Drive
2026-02-25 10:27:48 - Applying retention policy
2026-02-25 10:27:48 - Old backups cleaned
2026-02-25 10:29:10 - Backup started
2026-02-25 10:29:10 - Backup created: MyProject_20260225_102910.zip
2026-02-25 10:29:13 - Uploaded daily backup to Google Drive
2026-02-25 10:29:13 - Applying retention policy
2026-02-25 10:29:13 - Old backups cleaned
2026-02-25 10:30:59 - Backup started
2026-02-25 10:30:59 - Backup created: MyProject_20260225_103058.zip
2026-02-25 10:31:01 - Uploaded daily backup to Google Drive
2026-02-25 10:31:01 - Applying retention policy
2026-02-25 10:31:01 - Old backups cleaned
2026-02-25 10:31:02 - Webhook notification sent
2026-02-25 10:31:02 - Backup completed successfully
